Using pre-set license

 COMMAND LINE ARGUMENTS:
/Applications/Unity/Hub/Editor/2020.3.0f1/Unity.app/Contents/MacOS/Unity
-adb2
-batchMode
-noUpm
-name
AssetImportWorker0
-projectPath
/Users/jeongtaesu/Unitys/Design_Observer
-logFile
Logs/AssetImportWorker0.log
-srvPort
54008
Successfully changed project path to: /Users/jeongtaesu/Unitys/Design_Observer
/Users/jeongtaesu/Unitys/Design_Observer
Using Asset Import Pipeline V2.
Refreshing native plugins compatible for Editor in 38.03 ms, found 2 plugins.
Preloading 0 native plugins for Editor in 0.00 ms.
Initialize engine version: 2020.3.0f1 (c7b5465681fb)
[Subsystems] Discovering subsystems at path /Applications/Unity/Hub/Editor/2020.3.0f1/Unity.app/Contents/Resources/UnitySubsystems
[Subsystems] Discovering subsystems at path /Users/jeongtaesu/Unitys/Design_Observer/Assets
GfxDevice: creating device client; threaded=0
2022-01-22 22:01:13.576 Unity[6958:631558] Color LCD preferred device: AMD Radeon Pro 5500M (high power)
2022-01-22 22:01:13.576 Unity[6958:631558] Metal devices available: 2
2022-01-22 22:01:13.576 Unity[6958:631558] 0: AMD Radeon Pro 5500M (high power)
2022-01-22 22:01:13.576 Unity[6958:631558] 1: Intel(R) UHD Graphics 630 (low power)
2022-01-22 22:01:13.577 Unity[6958:631558] Using device AMD Radeon Pro 5500M (high power)
Initializing Metal device caps: AMD Radeon Pro 5500M
Initialize mono
Mono path[0] = '/Applications/Unity/Hub/Editor/2020.3.0f1/Unity.app/Contents/Managed'
Mono path[1] = '/Applications/Unity/Hub/Editor/2020.3.0f1/Unity.app/Contents/MonoBleedingEdge/lib/mono/unityjit'
Mono config path = '/Applications/Unity/Hub/Editor/2020.3.0f1/Unity.app/Contents/MonoBleedingEdge/etc'
Using monoOptions --debugger-agent=transport=dt_socket,embedding=1,server=y,suspend=n,address=127.0.0.1:56958
Begin MonoManager ReloadAssembly
Registering precompiled unity dll's ...
Register platform support module: /Applications/Unity/Hub/Editor/2020.3.0f1/Unity.app/Contents/PlaybackEngines/MacStandaloneSupport/UnityEditor.OSXStandalone.Extensions.dll
Registered in 0.000575 seconds.
Native extension for OSXStandalone target not found
Refreshing native plugins compatible for Editor in 37.37 ms, found 2 plugins.
Preloading 0 native plugins for Editor in 0.00 ms.
Invoked RoslynAnalysisRunner static constructor.
RoslynAnalysisRunner will not be running.
RoslynAnalysisRunner has terminated.
Mono: successfully reloaded assembly
- Completed reload, in  2.890 seconds
Platform modules already initialized, skipping
Registering precompiled user dll's ...
Registered in 0.000492 seconds.
Begin MonoManager ReloadAssembly
Native extension for OSXStandalone target not found
Refreshing native plugins compatible for Editor in 38.77 ms, found 2 plugins.
Preloading 0 native plugins for Editor in 0.00 ms.
Invoked RoslynAnalysisRunner static constructor.
RoslynAnalysisRunner will not be running.
RoslynAnalysisRunner has terminated.
Mono: successfully reloaded assembly
- Completed reload, in  1.042 seconds
Platform modules already initialized, skipping
========================================================================
Worker process is ready to serve import requests
Launching external process: /Applications/Unity/Hub/Editor/2020.3.0f1/Unity.app/Contents/Tools/UnityShaderCompiler
Launched and connected shader compiler UnityShaderCompiler after 0.01 seconds
Refreshing native plugins compatible for Editor in 0.34 ms, found 2 plugins.
Preloading 0 native plugins for Editor in 0.00 ms.
Unloading 1806 Unused Serialized files (Serialized files now loaded: 0)
System memory in use before: 148.0 MB.
System memory in use after: 148.0 MB.

Unloading 24 unused Assets to reduce memory usage. Loaded Objects now: 2248.
Total: 2.830280 ms (FindLiveObjects: 0.227878 ms CreateObjectMapping: 0.081885 ms MarkObjects: 2.221124 ms  DeleteObjects: 0.298183 ms)

========================================================================
Received Import Request.
  path: Assets/New Folder
  artifactKey: Guid(2759c8842fa494820af4ffd83758ab2b) Importer(815301076,1909f56bfc062723c751e8b465ee728b)
Start importing Assets/New Folder using Guid(2759c8842fa494820af4ffd83758ab2b) Importer(815301076,1909f56bfc062723c751e8b465ee728b)  -> (artifact id: 'c1f3afcecd897646e9f162b15e520e6c') in 0.004159 seconds
  Import took 0.008375 seconds .

========================================================================
Received Import Request.
  Time since last request: 0.356622 seconds.
  path: Assets/Script
  artifactKey: Guid(2759c8842fa494820af4ffd83758ab2b) Importer(815301076,1909f56bfc062723c751e8b465ee728b)
Start importing Assets/Script using Guid(2759c8842fa494820af4ffd83758ab2b) Importer(815301076,1909f56bfc062723c751e8b465ee728b)  -> (artifact id: '801f10e7fe07aaef4f00b763660bcdfc') in 0.000835 seconds
  Import took 0.003861 seconds .

========================================================================
Received Import Request.
  Time since last request: 0.002363 seconds.
  path: Assets/Script
  artifactKey: Guid(2759c8842fa494820af4ffd83758ab2b) Importer(815301076,1909f56bfc062723c751e8b465ee728b)
Start importing Assets/Script using Guid(2759c8842fa494820af4ffd83758ab2b) Importer(815301076,1909f56bfc062723c751e8b465ee728b)  -> (artifact id: '801f10e7fe07aaef4f00b763660bcdfc') in 0.000731 seconds
  Import took 0.003059 seconds .

========================================================================
Received Import Request.
  Time since last request: 7.988957 seconds.
  path: Assets/Object
  artifactKey: Guid(043b1e5d9b9424736b465354ed07ac61) Importer(815301076,1909f56bfc062723c751e8b465ee728b)
Start importing Assets/Object using Guid(043b1e5d9b9424736b465354ed07ac61) Importer(815301076,1909f56bfc062723c751e8b465ee728b)  -> (artifact id: 'c06e2fe0d3509b38053a2e3a876e082d') in 0.003819 seconds
  Import took 0.006347 seconds .

========================================================================
Received Import Request.
  Time since last request: 0.004284 seconds.
  path: Assets/Object
  artifactKey: Guid(043b1e5d9b9424736b465354ed07ac61) Importer(815301076,1909f56bfc062723c751e8b465ee728b)
Start importing Assets/Object using Guid(043b1e5d9b9424736b465354ed07ac61) Importer(815301076,1909f56bfc062723c751e8b465ee728b)  -> (artifact id: 'c06e2fe0d3509b38053a2e3a876e082d') in 0.001690 seconds
  Import took 0.004801 seconds .

AssetImportWorkerClient::OnTransportError - code=2 error=End of file
